<?xml version="1.0" encoding="UTF-8"?>
<!-- Generated by org.testng.reporters.JUnitXMLReporter -->
<testsuite ignored="0" hostname="IQZNGLDT015" failures="0" tests="5" name="Default test" time="45.232" errors="0" timestamp="2021-11-24T18:18:55 IST">
  <testcase classname="Demo.Pegaloginpage" name="launch_app" time="9.055"/>
  <testcase classname="Demo.Pegaloginpage" name="enter_user" time="3.38"/>
  <testcase classname="Demo.Pegaloginpage" name="enter_pswd" time="3.211"/>
  <testcase classname="Demo.Pegaloginpage" name="clicklogin" time="17.72"/>
  <testcase classname="Demo.Pegaloginpage" name="get_title" time="5.047"/>
</testsuite> <!-- Default test -->
