<?xml version="1.0" encoding="UTF-8"?>
<testng-results ignored="0" total="15" passed="15" failed="0" skipped="0">
  <reporter-output>
  </reporter-output>
  <suite started-at="2021-11-23T18:23:40 IST" name="My_Run_Suite" finished-at="2021-11-23T18:25:31 IST" duration-ms="111641">
    <groups>
    </groups>
    <test started-at="2021-11-23T18:23:40 IST" name="TestingOnChrome1" finished-at="2021-11-23T18:24:39 IST" duration-ms="59060">
      <class name="Demo.Pegaloginpage">
        <test-method is-config="true" signature="setup()[pri:0, instance:Demo.Pegaloginpage@56620197]" started-at="2021-11-23T18:23:40 IST" name="setup" finished-at="2021-11-23T18:23:55 IST" duration-ms="15235" status="PASS">
          <reporter-output>
          </reporter-output>
        </test-method> <!-- setup -->
        <test-method signature="launch_app()[pri:0, instance:Demo.Pegaloginpage@56620197]" started-at="2021-11-23T18:23:55 IST" name="launch_app" finished-at="2021-11-23T18:24:03 IST" duration-ms="8005" status="PASS">
          <reporter-output>
          </reporter-output>
        </test-method> <!-- launch_app -->
        <test-method signature="enter_user()[pri:0, instance:Demo.Pegaloginpage@56620197]" started-at="2021-11-23T18:24:03 IST" name="enter_user" finished-at="2021-11-23T18:24:08 IST" depends-on-methods="Demo.Pegaloginpage.launch_app" duration-ms="4226" status="PASS">
          <reporter-output>
          </reporter-output>
        </test-method> <!-- enter_user -->
        <test-method signature="enter_pswd()[pri:0, instance:Demo.Pegaloginpage@56620197]" started-at="2021-11-23T18:24:08 IST" name="enter_pswd" finished-at="2021-11-23T18:24:11 IST" depends-on-methods="Demo.Pegaloginpage.enter_user" duration-ms="3112" status="PASS">
          <reporter-output>
          </reporter-output>
        </test-method> <!-- enter_pswd -->
        <test-method signature="clicklogin()[pri:0, instance:Demo.Pegaloginpage@56620197]" started-at="2021-11-23T18:24:11 IST" name="clicklogin" finished-at="2021-11-23T18:24:34 IST" depends-on-methods="Demo.Pegaloginpage.enter_pswd" duration-ms="23405" status="PASS">
          <reporter-output>
          </reporter-output>
        </test-method> <!-- clicklogin -->
        <test-method signature="get_title()[pri:0, instance:Demo.Pegaloginpage@56620197]" started-at="2021-11-23T18:24:34 IST" name="get_title" finished-at="2021-11-23T18:24:37 IST" depends-on-methods="Demo.Pegaloginpage.clicklogin" duration-ms="3033" status="PASS">
          <reporter-output>
          </reporter-output>
        </test-method> <!-- get_title -->
        <test-method is-config="true" signature="finish()[pri:0, instance:Demo.Pegaloginpage@56620197]" started-at="2021-11-23T18:24:37 IST" name="finish" finished-at="2021-11-23T18:24:39 IST" duration-ms="1499" status="PASS">
          <reporter-output>
          </reporter-output>
        </test-method> <!-- finish -->
      </class> <!-- Demo.Pegaloginpage -->
    </test> <!-- TestingOnChrome1 -->
    <test started-at="2021-11-23T18:23:40 IST" name="TestingOnChrome2" finished-at="2021-11-23T18:24:45 IST" duration-ms="65427">
      <class name="Demo.Pegaloginpage">
        <test-method is-config="true" signature="setup()[pri:0, instance:Demo.Pegaloginpage@5b239d7d]" started-at="2021-11-23T18:23:40 IST" name="setup" finished-at="2021-11-23T18:23:55 IST" duration-ms="15235" status="PASS">
          <reporter-output>
          </reporter-output>
        </test-method> <!-- setup -->
        <test-method signature="launch_app()[pri:0, instance:Demo.Pegaloginpage@5b239d7d]" started-at="2021-11-23T18:23:55 IST" name="launch_app" finished-at="2021-11-23T18:24:03 IST" duration-ms="8008" status="PASS">
          <reporter-output>
          </reporter-output>
        </test-method> <!-- launch_app -->
        <test-method signature="enter_user()[pri:0, instance:Demo.Pegaloginpage@5b239d7d]" started-at="2021-11-23T18:24:03 IST" name="enter_user" finished-at="2021-11-23T18:24:08 IST" depends-on-methods="Demo.Pegaloginpage.launch_app" duration-ms="4226" status="PASS">
          <reporter-output>
          </reporter-output>
        </test-method> <!-- enter_user -->
        <test-method signature="enter_pswd()[pri:0, instance:Demo.Pegaloginpage@5b239d7d]" started-at="2021-11-23T18:24:08 IST" name="enter_pswd" finished-at="2021-11-23T18:24:11 IST" depends-on-methods="Demo.Pegaloginpage.enter_user" duration-ms="3117" status="PASS">
          <reporter-output>
          </reporter-output>
        </test-method> <!-- enter_pswd -->
        <test-method signature="clicklogin()[pri:0, instance:Demo.Pegaloginpage@5b239d7d]" started-at="2021-11-23T18:24:11 IST" name="clicklogin" finished-at="2021-11-23T18:24:37 IST" depends-on-methods="Demo.Pegaloginpage.enter_pswd" duration-ms="26130" status="PASS">
          <reporter-output>
          </reporter-output>
        </test-method> <!-- clicklogin -->
        <test-method signature="get_title()[pri:0, instance:Demo.Pegaloginpage@5b239d7d]" started-at="2021-11-23T18:24:37 IST" name="get_title" finished-at="2021-11-23T18:24:40 IST" depends-on-methods="Demo.Pegaloginpage.clicklogin" duration-ms="3019" status="PASS">
          <reporter-output>
          </reporter-output>
        </test-method> <!-- get_title -->
        <test-method is-config="true" signature="finish()[pri:0, instance:Demo.Pegaloginpage@5b239d7d]" started-at="2021-11-23T18:24:40 IST" name="finish" finished-at="2021-11-23T18:24:45 IST" duration-ms="5151" status="PASS">
          <reporter-output>
          </reporter-output>
        </test-method> <!-- finish -->
      </class> <!-- Demo.Pegaloginpage -->
    </test> <!-- TestingOnChrome2 -->
    <test started-at="2021-11-23T18:24:40 IST" name="TestingOnChrome3" finished-at="2021-11-23T18:25:31 IST" duration-ms="51769">
      <class name="Demo.Pegaloginpage">
        <test-method is-config="true" signature="setup()[pri:0, instance:Demo.Pegaloginpage@dd8ba08]" started-at="2021-11-23T18:24:40 IST" name="setup" finished-at="2021-11-23T18:24:54 IST" duration-ms="13967" status="PASS">
          <reporter-output>
          </reporter-output>
        </test-method> <!-- setup -->
        <test-method signature="launch_app()[pri:0, instance:Demo.Pegaloginpage@dd8ba08]" started-at="2021-11-23T18:24:54 IST" name="launch_app" finished-at="2021-11-23T18:25:01 IST" duration-ms="7941" status="PASS">
          <reporter-output>
          </reporter-output>
        </test-method> <!-- launch_app -->
        <test-method signature="enter_user()[pri:0, instance:Demo.Pegaloginpage@dd8ba08]" started-at="2021-11-23T18:25:01 IST" name="enter_user" finished-at="2021-11-23T18:25:05 IST" depends-on-methods="Demo.Pegaloginpage.launch_app" duration-ms="3270" status="PASS">
          <reporter-output>
          </reporter-output>
        </test-method> <!-- enter_user -->
        <test-method signature="enter_pswd()[pri:0, instance:Demo.Pegaloginpage@dd8ba08]" started-at="2021-11-23T18:25:05 IST" name="enter_pswd" finished-at="2021-11-23T18:25:08 IST" depends-on-methods="Demo.Pegaloginpage.enter_user" duration-ms="3114" status="PASS">
          <reporter-output>
          </reporter-output>
        </test-method> <!-- enter_pswd -->
        <test-method signature="clicklogin()[pri:0, instance:Demo.Pegaloginpage@dd8ba08]" started-at="2021-11-23T18:25:08 IST" name="clicklogin" finished-at="2021-11-23T18:25:27 IST" depends-on-methods="Demo.Pegaloginpage.enter_pswd" duration-ms="18919" status="PASS">
          <reporter-output>
          </reporter-output>
        </test-method> <!-- clicklogin -->
        <test-method signature="get_title()[pri:0, instance:Demo.Pegaloginpage@dd8ba08]" started-at="2021-11-23T18:25:27 IST" name="get_title" finished-at="2021-11-23T18:25:30 IST" depends-on-methods="Demo.Pegaloginpage.clicklogin" duration-ms="3033" status="PASS">
          <reporter-output>
          </reporter-output>
        </test-method> <!-- get_title -->
        <test-method is-config="true" signature="finish()[pri:0, instance:Demo.Pegaloginpage@dd8ba08]" started-at="2021-11-23T18:25:30 IST" name="finish" finished-at="2021-11-23T18:25:31 IST" duration-ms="1510" status="PASS">
          <reporter-output>
          </reporter-output>
        </test-method> <!-- finish -->
      </class> <!-- Demo.Pegaloginpage -->
    </test> <!-- TestingOnChrome3 -->
  </suite> <!-- My_Run_Suite -->
</testng-results>
