<?xml version="1.0" encoding="UTF-8"?>
<!-- Generated by org.testng.reporters.JUnitXMLReporter -->
<testsuite ignored="0" hostname="IQZNGLDT015" failures="0" tests="5" name="TestingOnEdge3" time="70.298" errors="0" timestamp="2021-11-23T18:22:40 IST">
  <testcase classname="Demo.Pegaloginpage" name="launch_app" time="14.372"/>
  <testcase classname="Demo.Pegaloginpage" name="enter_user" time="5.582"/>
  <testcase classname="Demo.Pegaloginpage" name="enter_pswd" time="5.465"/>
  <testcase classname="Demo.Pegaloginpage" name="clicklogin" time="20.314"/>
  <testcase classname="Demo.Pegaloginpage" name="get_title" time="5.028"/>
</testsuite> <!-- TestingOnEdge3 -->
