<?xml version="1.0" encoding="UTF-8"?>
<!-- Generated by org.testng.reporters.JUnitXMLReporter -->
<testsuite ignored="0" hostname="IQZNGLDT015" failures="0" tests="5" name="TestingOnChrome2" time="33.308" errors="0" timestamp="2021-12-16T17:39:16 IST">
  <testcase classname="Demo.Pegaloginpage" name="launch_app" time="8.202"/>
  <testcase classname="Demo.Pegaloginpage" name="enter_user" time="3.251"/>
  <testcase classname="Demo.Pegaloginpage" name="enter_pswd" time="3.14"/>
  <testcase classname="Demo.Pegaloginpage" name="clicklogin" time="4.733"/>
  <testcase classname="Demo.Pegaloginpage" name="get_title" time="3.088"/>
</testsuite> <!-- TestingOnChrome2 -->
