<?xml version="1.0" encoding="UTF-8"?>
<!-- Generated by org.testng.reporters.JUnitXMLReporter -->
<testsuite ignored="0" hostname="IQZNGLDT015" failures="0" tests="11" name="TestingOnFirefox" time="0.161" errors="0" timestamp="2022-01-31T16:53:50 IST">
  <testcase classname="Demo.Pegaloginpage" name="@BeforeTest setup" time="0.053">
    <failure type="java.lang.IllegalStateException" message="The path to the driver executable must be set by the webdriver.edge.driver system property; for more information, see https://github.com/SeleniumHQ/selenium/wiki/MicrosoftWebDriver. The latest version can be downloaded from http://go.microsoft.com/fwlink/?LinkId=619687">
      <![CDATA[java.lang.IllegalStateException: The path to the driver executable must be set by the webdriver.edge.driver system property; for more information, see https://github.com/SeleniumHQ/selenium/wiki/MicrosoftWebDriver. The latest version can be downloaded from http://go.microsoft.com/fwlink/?LinkId=619687
at com.google.common.base.Preconditions.checkState(Preconditions.java:847)
at org.openqa.selenium.remote.service.DriverService.findExecutable(DriverService.java:134)
at org.openqa.selenium.edge.EdgeDriverService.access$000(EdgeDriverService.java:37)
at org.openqa.selenium.edge.EdgeDriverService$Builder.findDefaultExecutable(EdgeDriverService.java:90)
at org.openqa.selenium.remote.service.DriverService$Builder.build(DriverService.java:355)
at org.openqa.selenium.edge.EdgeDriverService.createDefaultService(EdgeDriverService.java:70)
at org.openqa.selenium.edge.EdgeDriver.<init>(EdgeDriver.java:96)
at Demo.Pegaloginpage.setup(Pegaloginpage.java:37)
at java.base/java.util.concurrent.FutureTask.run(FutureTask.java:264)
at java.base/java.util.concurrent.ThreadPoolExecutor.runWorker(ThreadPoolExecutor.java:1130)
at java.base/java.util.concurrent.ThreadPoolExecutor$Worker.run(ThreadPoolExecutor.java:630)
at java.base/java.lang.Thread.run(Thread.java:832)
... Removed 15 stack frames]]>
    </failure>
  </testcase> <!-- @BeforeTest setup -->
  <testcase classname="Demo.Pegaloginpage" name="@BeforeTest setup" time="0.1">
    <failure type="java.lang.IllegalStateException" message="The path to the driver executable must be set by the webdriver.gecko.driver system property; for more information, see https://github.com/mozilla/geckodriver. The latest version can be downloaded from https://github.com/mozilla/geckodriver/releases">
      <![CDATA[java.lang.IllegalStateException: The path to the driver executable must be set by the webdriver.gecko.driver system property; for more information, see https://github.com/mozilla/geckodriver. The latest version can be downloaded from https://github.com/mozilla/geckodriver/releases
at com.google.common.base.Preconditions.checkState(Preconditions.java:847)
at org.openqa.selenium.remote.service.DriverService.findExecutable(DriverService.java:134)
at org.openqa.selenium.firefox.GeckoDriverService.access$100(GeckoDriverService.java:44)
at org.openqa.selenium.firefox.GeckoDriverService$Builder.findDefaultExecutable(GeckoDriverService.java:167)
at org.openqa.selenium.remote.service.DriverService$Builder.build(DriverService.java:355)
at org.openqa.selenium.firefox.FirefoxDriver.toExecutor(FirefoxDriver.java:190)
at org.openqa.selenium.firefox.FirefoxDriver.<init>(FirefoxDriver.java:147)
at org.openqa.selenium.firefox.FirefoxDriver.<init>(FirefoxDriver.java:125)
at Demo.Pegaloginpage.setup(Pegaloginpage.java:32)
at java.base/java.util.concurrent.FutureTask.run(FutureTask.java:264)
at java.base/java.util.concurrent.ThreadPoolExecutor.runWorker(ThreadPoolExecutor.java:1130)
at java.base/java.util.concurrent.ThreadPoolExecutor$Worker.run(ThreadPoolExecutor.java:630)
at java.base/java.lang.Thread.run(Thread.java:832)
... Removed 15 stack frames]]>
    </failure>
  </testcase> <!-- @BeforeTest setup -->
  <testcase classname="Demo.Pegaloginpage" name="@AfterClass finish" time="-1.643628230474E9">
    <skipped/>
  </testcase> <!-- @AfterClass finish -->
  <testcase classname="Demo.Pegaloginpage" name="@AfterClass finish" time="-1.643628230481E9">
    <skipped/>
  </testcase> <!-- @AfterClass finish -->
  <testcase classname="Demo.Pegaloginpage" name="launch_app" time="0.0">
    <skipped/>
  </testcase> <!-- launch_app -->
  <testcase classname="Demo.Pegaloginpage" name="enter_user" time="0.0">
    <skipped/>
  </testcase> <!-- enter_user -->
  <testcase classname="Demo.Pegaloginpage" name="enter_pswd" time="0.0">
    <skipped/>
  </testcase> <!-- enter_pswd -->
  <testcase classname="Demo.Pegaloginpage" name="clicklogin" time="0.0">
    <skipped/>
  </testcase> <!-- clicklogin -->
  <testcase classname="Demo.Pegaloginpage" name="get_title" time="0.0">
    <skipped/>
  </testcase> <!-- get_title -->
  <testcase classname="Demo.Pegaloginpage" name="Create_individuallead" time="0.0">
    <skipped/>
  </testcase> <!-- Create_individuallead -->
  <testcase classname="Demo.Pegaloginpage" name="newindividualleadmodal" time="0.0">
    <skipped/>
  </testcase> <!-- newindividualleadmodal -->
  <testcase classname="Demo.Pegaloginpage" name="editindividuallead" time="0.0">
    <skipped/>
  </testcase> <!-- editindividuallead -->
  <testcase classname="Demo.Pegaloginpage" name="updateindividuallead" time="0.0">
    <skipped/>
  </testcase> <!-- updateindividuallead -->
  <testcase classname="Demo.Pegaloginpage" name="convertlead" time="0.0">
    <skipped/>
  </testcase> <!-- convertlead -->
  <testcase classname="Demo.Pegaloginpage" name="convertleadmodal" time="0.0">
    <skipped/>
  </testcase> <!-- convertleadmodal -->
</testsuite> <!-- TestingOnFirefox -->
