<?xml version="1.0" encoding="UTF-8"?>
<testng-results ignored="0" total="5" passed="5" failed="0" skipped="0">
  <reporter-output>
  </reporter-output>
  <suite started-at="2021-11-25T23:31:04 IST" name="Default suite" finished-at="2021-11-25T23:31:37 IST" duration-ms="33031">
    <groups>
    </groups>
    <test started-at="2021-11-25T23:31:04 IST" name="Default test" finished-at="2021-11-25T23:31:37 IST" duration-ms="33031">
      <class name="Demo.Pegaloginpage">
        <test-method is-config="true" signature="setup()[pri:0, instance:Demo.Pegaloginpage@20ce78ec]" started-at="2021-11-25T23:31:04 IST" name="setup" finished-at="2021-11-25T23:31:13 IST" duration-ms="8507" status="PASS">
          <reporter-output>
          </reporter-output>
        </test-method> <!-- setup -->
        <test-method signature="launch_app()[pri:0, instance:Demo.Pegaloginpage@20ce78ec]" started-at="2021-11-25T23:31:13 IST" name="launch_app" finished-at="2021-11-25T23:31:17 IST" duration-ms="4121" status="PASS">
          <reporter-output>
          </reporter-output>
        </test-method> <!-- launch_app -->
        <test-method signature="enter_user()[pri:0, instance:Demo.Pegaloginpage@20ce78ec]" started-at="2021-11-25T23:31:17 IST" name="enter_user" finished-at="2021-11-25T23:31:17 IST" depends-on-methods="Demo.Pegaloginpage.launch_app" duration-ms="531" status="PASS">
          <reporter-output>
          </reporter-output>
        </test-method> <!-- enter_user -->
        <test-method signature="enter_pswd()[pri:0, instance:Demo.Pegaloginpage@20ce78ec]" started-at="2021-11-25T23:31:17 IST" name="enter_pswd" finished-at="2021-11-25T23:31:17 IST" depends-on-methods="Demo.Pegaloginpage.enter_user" duration-ms="76" status="PASS">
          <reporter-output>
          </reporter-output>
        </test-method> <!-- enter_pswd -->
        <test-method signature="clicklogin()[pri:0, instance:Demo.Pegaloginpage@20ce78ec]" started-at="2021-11-25T23:31:17 IST" name="clicklogin" finished-at="2021-11-25T23:31:32 IST" depends-on-methods="Demo.Pegaloginpage.enter_pswd" duration-ms="14948" status="PASS">
          <reporter-output>
          </reporter-output>
        </test-method> <!-- clicklogin -->
        <test-method signature="get_title()[pri:0, instance:Demo.Pegaloginpage@20ce78ec]" started-at="2021-11-25T23:31:32 IST" name="get_title" finished-at="2021-11-25T23:31:35 IST" depends-on-methods="Demo.Pegaloginpage.clicklogin" duration-ms="3049" status="PASS">
          <reporter-output>
          </reporter-output>
        </test-method> <!-- get_title -->
        <test-method is-config="true" signature="finish()[pri:0, instance:Demo.Pegaloginpage@20ce78ec]" started-at="2021-11-25T23:31:35 IST" name="finish" finished-at="2021-11-25T23:31:37 IST" duration-ms="1725" status="PASS">
          <reporter-output>
          </reporter-output>
        </test-method> <!-- finish -->
      </class> <!-- Demo.Pegaloginpage -->
    </test> <!-- Default test -->
  </suite> <!-- Default suite -->
</testng-results>
