<?xml version="1.0" encoding="UTF-8"?>
<!-- Generated by org.testng.reporters.JUnitXMLReporter -->
<testsuite ignored="0" hostname="IQZNGLDT015" failures="0" tests="5" name="TestingOnChrome1" time="59.06" errors="0" timestamp="2021-11-23T18:24:39 IST">
  <testcase classname="Demo.Pegaloginpage" name="launch_app" time="8.005"/>
  <testcase classname="Demo.Pegaloginpage" name="enter_user" time="4.226"/>
  <testcase classname="Demo.Pegaloginpage" name="enter_pswd" time="3.112"/>
  <testcase classname="Demo.Pegaloginpage" name="clicklogin" time="23.405"/>
  <testcase classname="Demo.Pegaloginpage" name="get_title" time="3.033"/>
</testsuite> <!-- TestingOnChrome1 -->
