<?xml version="1.0" encoding="UTF-8"?>
<testng-results ignored="0" total="5" passed="5" failed="0" skipped="0">
  <reporter-output>
  </reporter-output>
  <suite started-at="2021-11-25T23:22:08 IST" name="My_Run_Suite" finished-at="2021-11-25T23:24:31 IST" duration-ms="143003">
    <groups>
    </groups>
    <test started-at="2021-11-25T23:22:08 IST" name="TestingOnChrome1" finished-at="2021-11-25T23:24:31 IST" duration-ms="143003">
      <class name="Demo.Pegaloginpage">
        <test-method is-config="true" signature="setup()[pri:0, instance:Demo.Pegaloginpage@56620197]" started-at="2021-11-25T23:22:08 IST" name="setup" finished-at="2021-11-25T23:22:32 IST" duration-ms="23498" status="PASS">
          <reporter-output>
          </reporter-output>
        </test-method> <!-- setup -->
        <test-method signature="launch_app()[pri:0, instance:Demo.Pegaloginpage@56620197]" started-at="2021-11-25T23:22:32 IST" name="launch_app" finished-at="2021-11-25T23:22:42 IST" duration-ms="10052" status="PASS">
          <reporter-output>
          </reporter-output>
        </test-method> <!-- launch_app -->
        <test-method signature="enter_user()[pri:0, instance:Demo.Pegaloginpage@56620197]" started-at="2021-11-25T23:22:42 IST" name="enter_user" finished-at="2021-11-25T23:22:43 IST" depends-on-methods="Demo.Pegaloginpage.launch_app" duration-ms="1198" status="PASS">
          <reporter-output>
          </reporter-output>
        </test-method> <!-- enter_user -->
        <test-method signature="enter_pswd()[pri:0, instance:Demo.Pegaloginpage@56620197]" started-at="2021-11-25T23:22:43 IST" name="enter_pswd" finished-at="2021-11-25T23:22:44 IST" depends-on-methods="Demo.Pegaloginpage.enter_user" duration-ms="653" status="PASS">
          <reporter-output>
          </reporter-output>
        </test-method> <!-- enter_pswd -->
        <test-method signature="clicklogin()[pri:0, instance:Demo.Pegaloginpage@56620197]" started-at="2021-11-25T23:22:44 IST" name="clicklogin" finished-at="2021-11-25T23:24:21 IST" depends-on-methods="Demo.Pegaloginpage.enter_pswd" duration-ms="97134" status="PASS">
          <reporter-output>
          </reporter-output>
        </test-method> <!-- clicklogin -->
        <test-method signature="get_title()[pri:0, instance:Demo.Pegaloginpage@56620197]" started-at="2021-11-25T23:24:21 IST" name="get_title" finished-at="2021-11-25T23:24:24 IST" depends-on-methods="Demo.Pegaloginpage.clicklogin" duration-ms="3081" status="PASS">
          <reporter-output>
          </reporter-output>
        </test-method> <!-- get_title -->
        <test-method is-config="true" signature="finish()[pri:0, instance:Demo.Pegaloginpage@56620197]" started-at="2021-11-25T23:24:24 IST" name="finish" finished-at="2021-11-25T23:24:31 IST" duration-ms="7226" status="PASS">
          <reporter-output>
          </reporter-output>
        </test-method> <!-- finish -->
      </class> <!-- Demo.Pegaloginpage -->
    </test> <!-- TestingOnChrome1 -->
  </suite> <!-- My_Run_Suite -->
</testng-results>
