<?xml version="1.0" encoding="UTF-8"?>
<testng-results ignored="0" total="3" passed="3" failed="0" skipped="0">
  <reporter-output>
  </reporter-output>
  <suite started-at="2021-12-21T23:06:59 IST" name="Default suite" finished-at="2021-12-21T23:07:30 IST" duration-ms="30324">
    <groups>
    </groups>
    <test started-at="2021-12-21T23:06:59 IST" name="Default test" finished-at="2021-12-21T23:07:30 IST" duration-ms="30324">
      <class name="packagee_demo.assignment18">
        <test-method is-config="true" signature="setup()[pri:0, instance:packagee_demo.assignment18@1afd44cb]" started-at="2021-12-21T23:06:59 IST" name="setup" finished-at="2021-12-21T23:07:10 IST" duration-ms="10745" status="PASS">
          <reporter-output>
          </reporter-output>
        </test-method> <!-- setup -->
        <test-method signature="Brocolli()[pri:0, instance:packagee_demo.assignment18@1afd44cb]" started-at="2021-12-21T23:07:10 IST" name="Brocolli" finished-at="2021-12-21T23:07:16 IST" duration-ms="5775" status="PASS">
          <reporter-output>
          </reporter-output>
        </test-method> <!-- Brocolli -->
        <test-method signature="Cucumber()[pri:0, instance:packagee_demo.assignment18@1afd44cb]" started-at="2021-12-21T23:07:16 IST" name="Cucumber" finished-at="2021-12-21T23:07:21 IST" duration-ms="5314" status="PASS">
          <reporter-output>
          </reporter-output>
        </test-method> <!-- Cucumber -->
        <test-method signature="printveg()[pri:0, instance:packagee_demo.assignment18@1afd44cb]" started-at="2021-12-21T23:07:21 IST" name="printveg" finished-at="2021-12-21T23:07:26 IST" duration-ms="5236" status="PASS">
          <reporter-output>
          </reporter-output>
        </test-method> <!-- printveg -->
        <test-method is-config="true" signature="finish()[pri:0, instance:packagee_demo.assignment18@1afd44cb]" started-at="2021-12-21T23:07:26 IST" name="finish" finished-at="2021-12-21T23:07:30 IST" duration-ms="3213" status="PASS">
          <reporter-output>
          </reporter-output>
        </test-method> <!-- finish -->
      </class> <!-- packagee_demo.assignment18 -->
    </test> <!-- Default test -->
  </suite> <!-- Default suite -->
</testng-results>
