<?xml version="1.0" encoding="UTF-8"?>
<!-- Generated by org.testng.reporters.JUnitXMLReporter -->
<testsuite ignored="0" hostname="IQZNGLDT015" failures="0" tests="4" name="Default test" time="107.076" errors="0" timestamp="2021-11-22T17:32:52 IST">
  <testcase classname="Demo.Pegaloginpage" name="launch_app" time="13.102"/>
  <testcase classname="Demo.Pegaloginpage" name="enter_user" time="5.521"/>
  <testcase classname="Demo.Pegaloginpage" name="enter_pswd" time="5.505"/>
  <testcase classname="Demo.Pegaloginpage" name="clicklogin" time="64.887"/>
</testsuite> <!-- Default test -->
