<?xml version="1.0" encoding="UTF-8"?>
<!-- Generated by org.testng.reporters.JUnitXMLReporter -->
<testsuite ignored="0" hostname="IQZNGLDT015" failures="0" tests="4" name="Default test" time="34.35" errors="0" timestamp="2021-12-21T23:09:24 IST">
  <testcase classname="packagee_demo.addtocarttoadded" name="Beetroot" time="3.048"/>
  <testcase classname="packagee_demo.addtocarttoadded" name="Brocolli" time="2.177"/>
  <testcase classname="packagee_demo.addtocarttoadded" name="Cauliflower" time="2.167"/>
  <testcase classname="packagee_demo.addtocarttoadded" name="Cucumber" time="2.154"/>
</testsuite> <!-- Default test -->
