<?xml version="1.0" encoding="UTF-8"?>
<!-- Generated by org.testng.reporters.JUnitXMLReporter -->
<testsuite ignored="0" hostname="IQZNGLDT015" failures="0" tests="11" name="TestingOnChrome" time="159.21" errors="0" timestamp="2022-01-31T21:40:34 IST">
  <testcase classname="Demo.Pegaloginpage" name="launch_app" time="3.756"/>
  <testcase classname="Demo.Pegaloginpage" name="enter_user" time="0.728"/>
  <testcase classname="Demo.Pegaloginpage" name="enter_pswd" time="0.533"/>
  <testcase classname="Demo.Pegaloginpage" name="clicklogin" time="31.096"/>
  <testcase classname="Demo.Pegaloginpage" name="get_title" time="0.257"/>
  <testcase classname="Demo.Pegaloginpage" name="Create_individuallead" time="1.224"/>
  <testcase classname="Demo.Pegaloginpage" name="newindividualleadmodal" time="5.624"/>
  <testcase classname="Demo.Pegaloginpage" name="editindividuallead" time="8.165"/>
  <testcase classname="Demo.Pegaloginpage" name="updateindividuallead" time="4.24"/>
  <testcase classname="Demo.Pegaloginpage" name="convertlead" time="4.879"/>
  <testcase classname="Demo.Pegaloginpage" name="convertleadmodal" time="20.071"/>
</testsuite> <!-- TestingOnChrome -->
