<?xml version="1.0" encoding="UTF-8"?>
<!-- Generated by org.testng.reporters.JUnitXMLReporter -->
<testsuite ignored="0" hostname="IQZNGLDT015" failures="1" tests="11" name="TestingOnFirefox" time="151.166" errors="0" timestamp="2022-01-31T21:40:26 IST">
  <testcase classname="Demo.Pegaloginpage" name="launch_app" time="15.134"/>
  <testcase classname="Demo.Pegaloginpage" name="enter_user" time="0.683"/>
  <testcase classname="Demo.Pegaloginpage" name="enter_pswd" time="0.879"/>
  <testcase classname="Demo.Pegaloginpage" name="clicklogin" time="44.27"/>
  <testcase classname="Demo.Pegaloginpage" name="get_title" time="0.03"/>
  <testcase classname="Demo.Pegaloginpage" name="Create_individuallead" time="2.629"/>
  <testcase classname="Demo.Pegaloginpage" name="newindividualleadmodal" time="20.124"/>
  <testcase classname="Demo.Pegaloginpage" name="editindividuallead" time="8.732"/>
  <testcase classname="Demo.Pegaloginpage" name="updateindividuallead" time="10.042"/>
  <testcase classname="Demo.Pegaloginpage" name="convertlead" time="0.522">
    <failure type="org.openqa.selenium.ElementClickInterceptedException" message="Element &amp;lt;button class=&amp;quot;Simple pzhc pzbutton&amp;quot; name=&amp;quot;CaseActionHeader_pyWorkPage_5&amp;quot; type=&amp;quot;button&amp;quot;&amp;gt; is not clickable at point (360,108) because another element &amp;lt;div class=&amp;quot; flex content layout-content-inline_grid_double  content-inline_grid_double  content-stacked&amp;quot;&amp;gt; obscures it
Build info: version: &amp;apos;3.141.59&amp;apos;, revision: &amp;apos;e82be7d358&amp;apos;, time: &amp;apos;2018-11-14T08:25:53&amp;apos;
System info: host: &amp;apos;IQZNGLDT015&amp;apos;, ip: &amp;apos;192.168.0.114&amp;apos;, os.name: &amp;apos;Windows 10&amp;apos;, os.arch: &amp;apos;amd64&amp;apos;, os.version: &amp;apos;10.0&amp;apos;, java.version: &amp;apos;14.0.2&amp;apos;
Driver info: org.openqa.selenium.firefox.FirefoxDriver
Capabilities {acceptInsecureCerts: true, browserName: firefox, browserVersion: 96.0.3, javascriptEnabled: true, moz:accessibilityChecks: false, moz:buildID: 20220126154723, moz:geckodriverVersion: 0.30.0, moz:headless: false, moz:processID: 4544, moz:profile: C:\Users\rajeev.n.IQZAD\App..., moz:shutdownTimeout: 60000, moz:useNonSpecCompliantPointerOrigin: false, moz:webdriverClick: true, pageLoadStrategy: normal, platform: WINDOWS, platformName: WINDOWS, platformVersion: 10.0, proxy: Proxy(), setWindowRect: true, strictFileInteractability: false, timeouts: {implicit: 0, pageLoad: 300000, script: 30000}, unhandledPromptBehavior: dismiss and notify}
Session ID: 4cf74279-263d-49a4-b416-290017132f70">
      <![CDATA[org.openqa.selenium.ElementClickInterceptedException: Element <button class="Simple pzhc pzbutton" name="CaseActionHeader_pyWorkPage_5" type="button"> is not clickable at point (360,108) because another element <div class=" flex content layout-content-inline_grid_double  content-inline_grid_double  content-stacked"> obscures it
Build info: version: '3.141.59', revision: 'e82be7d358', time: '2018-11-14T08:25:53'
System info: host: 'IQZNGLDT015', ip: '192.168.0.114', os.name: 'Windows 10', os.arch: 'amd64', os.version: '10.0', java.version: '14.0.2'
Driver info: org.openqa.selenium.firefox.FirefoxDriver
Capabilities {acceptInsecureCerts: true, browserName: firefox, browserVersion: 96.0.3, javascriptEnabled: true, moz:accessibilityChecks: false, moz:buildID: 20220126154723, moz:geckodriverVersion: 0.30.0, moz:headless: false, moz:processID: 4544, moz:profile: C:\Users\rajeev.n.IQZAD\App..., moz:shutdownTimeout: 60000, moz:useNonSpecCompliantPointerOrigin: false, moz:webdriverClick: true, pageLoadStrategy: normal, platform: WINDOWS, platformName: WINDOWS, platformVersion: 10.0, proxy: Proxy(), setWindowRect: true, strictFileInteractability: false, timeouts: {implicit: 0, pageLoad: 300000, script: 30000}, unhandledPromptBehavior: dismiss and notify}
Session ID: 4cf74279-263d-49a4-b416-290017132f70
at org.openqa.selenium.remote.http.W3CHttpResponseCodec.createException(W3CHttpResponseCodec.java:187)
at org.openqa.selenium.remote.http.W3CHttpResponseCodec.decode(W3CHttpResponseCodec.java:122)
at org.openqa.selenium.remote.http.W3CHttpResponseCodec.decode(W3CHttpResponseCodec.java:49)
at org.openqa.selenium.remote.HttpCommandExecutor.execute(HttpCommandExecutor.java:158)
at org.openqa.selenium.remote.service.DriverCommandExecutor.execute(DriverCommandExecutor.java:83)
at org.openqa.selenium.remote.RemoteWebDriver.execute(RemoteWebDriver.java:552)
at org.openqa.selenium.remote.RemoteWebElement.execute(RemoteWebElement.java:285)
at org.openqa.selenium.remote.RemoteWebElement.click(RemoteWebElement.java:84)
at Demo.Pegaloginpage.convertlead(Pegaloginpage.java:135)
at java.base/java.util.ArrayList.forEach(ArrayList.java:1511)
at java.base/java.util.concurrent.FutureTask.run(FutureTask.java:264)
at java.base/java.util.concurrent.ThreadPoolExecutor.runWorker(ThreadPoolExecutor.java:1130)
at java.base/java.util.concurrent.ThreadPoolExecutor$Worker.run(ThreadPoolExecutor.java:630)
at java.base/java.lang.Thread.run(Thread.java:832)
... Removed 23 stack frames]]>
    </failure>
  </testcase> <!-- convertlead -->
  <testcase classname="Demo.Pegaloginpage" name="convertleadmodal" time="0.0">
    <skipped/>
  </testcase> <!-- convertleadmodal -->
</testsuite> <!-- TestingOnFirefox -->
