<?xml version="1.0" encoding="UTF-8"?>
<!-- Generated by org.testng.reporters.JUnitXMLReporter -->
<testsuite ignored="0" hostname="IQZNGLDT015" failures="0" tests="11" name="TestingOnEdge" time="158.517" errors="0" timestamp="2022-01-31T21:40:33 IST">
  <testcase classname="Demo.Pegaloginpage" name="launch_app" time="8.491"/>
  <testcase classname="Demo.Pegaloginpage" name="enter_user" time="0.279"/>
  <testcase classname="Demo.Pegaloginpage" name="enter_pswd" time="0.37"/>
  <testcase classname="Demo.Pegaloginpage" name="clicklogin" time="33.226"/>
  <testcase classname="Demo.Pegaloginpage" name="get_title" time="0.055"/>
  <testcase classname="Demo.Pegaloginpage" name="Create_individuallead" time="1.412"/>
  <testcase classname="Demo.Pegaloginpage" name="newindividualleadmodal" time="11.689"/>
  <testcase classname="Demo.Pegaloginpage" name="editindividuallead" time="11.385"/>
  <testcase classname="Demo.Pegaloginpage" name="updateindividuallead" time="16.59"/>
  <testcase classname="Demo.Pegaloginpage" name="convertlead" time="6.562"/>
  <testcase classname="Demo.Pegaloginpage" name="convertleadmodal" time="12.5"/>
</testsuite> <!-- TestingOnEdge -->
