<?xml version="1.0" encoding="UTF-8"?>
<!-- Generated by org.testng.reporters.JUnitXMLReporter -->
<testsuite ignored="0" hostname="IQZNGLDT015" failures="0" tests="3" name="Default test" time="30.324" errors="0" timestamp="2021-12-21T23:07:30 IST">
  <testcase classname="packagee_demo.assignment18" name="Brocolli" time="5.775"/>
  <testcase classname="packagee_demo.assignment18" name="Cucumber" time="5.314"/>
  <testcase classname="packagee_demo.assignment18" name="printveg" time="5.236"/>
</testsuite> <!-- Default test -->
