<?xml version="1.0" encoding="UTF-8"?>
<testng-results ignored="0" total="2" passed="2" failed="0" skipped="0">
  <reporter-output>
  </reporter-output>
  <suite started-at="2021-12-21T23:07:39 IST" name="Default suite" finished-at="2021-12-21T23:08:06 IST" duration-ms="27054">
    <groups>
    </groups>
    <test started-at="2021-12-21T23:07:39 IST" name="Default test" finished-at="2021-12-21T23:08:06 IST" duration-ms="27054">
      <class name="packagee_demo.Topdeal">
        <test-method is-config="true" signature="setup()[pri:0, instance:packagee_demo.Topdeal@72057ecf]" started-at="2021-12-21T23:07:39 IST" name="setup" finished-at="2021-12-21T23:07:46 IST" duration-ms="6778" status="PASS">
          <reporter-output>
          </reporter-output>
        </test-method> <!-- setup -->
        <test-method signature="Topdealclick()[pri:0, instance:packagee_demo.Topdeal@72057ecf]" started-at="2021-12-21T23:07:46 IST" name="Topdealclick" finished-at="2021-12-21T23:07:47 IST" duration-ms="838" status="PASS">
          <reporter-output>
          </reporter-output>
        </test-method> <!-- Topdealclick -->
        <test-method signature="tomato()[pri:0, instance:packagee_demo.Topdeal@72057ecf]" started-at="2021-12-21T23:07:47 IST" name="tomato" finished-at="2021-12-21T23:07:47 IST" duration-ms="104" status="PASS">
          <reporter-output>
          </reporter-output>
        </test-method> <!-- tomato -->
        <test-method is-config="true" signature="finish()[pri:0, instance:packagee_demo.Topdeal@72057ecf]" started-at="2021-12-21T23:07:47 IST" name="finish" finished-at="2021-12-21T23:08:06 IST" duration-ms="19297" status="PASS">
          <reporter-output>
          </reporter-output>
        </test-method> <!-- finish -->
      </class> <!-- packagee_demo.Topdeal -->
    </test> <!-- Default test -->
  </suite> <!-- Default suite -->
</testng-results>
