<?xml version="1.0" encoding="UTF-8"?>
<!-- Generated by org.testng.reporters.JUnitXMLReporter -->
<testsuite ignored="0" hostname="IQZNGLDT015" failures="0" tests="5" name="TestingOnChrome1" time="143.003" errors="0" timestamp="2021-11-25T23:24:31 IST">
  <testcase classname="Demo.Pegaloginpage" name="launch_app" time="10.052"/>
  <testcase classname="Demo.Pegaloginpage" name="enter_user" time="1.198"/>
  <testcase classname="Demo.Pegaloginpage" name="enter_pswd" time="0.653"/>
  <testcase classname="Demo.Pegaloginpage" name="clicklogin" time="97.134"/>
  <testcase classname="Demo.Pegaloginpage" name="get_title" time="3.081"/>
</testsuite> <!-- TestingOnChrome1 -->
