<?xml version="1.0" encoding="UTF-8"?>
<!-- Generated by org.testng.reporters.JUnitXMLReporter -->
<testsuite ignored="0" hostname="IQZNGLDT015" failures="1" tests="5" name="TestingOnEdge1" time="178.424" errors="0" timestamp="2021-11-23T18:21:29 IST">
  <testcase classname="Demo.Pegaloginpage" name="launch_app" time="138.649"/>
  <testcase classname="Demo.Pegaloginpage" name="enter_user" time="0.117">
    <failure type="org.openqa.selenium.NoSuchWindowException" message="no such window: target window already closed
from unknown error: web view not found
  (Session info: MicrosoftEdge=96.0.1054.29)
Build info: version: &amp;apos;3.141.59&amp;apos;, revision: &amp;apos;e82be7d358&amp;apos;, time: &amp;apos;2018-11-14T08:25:53&amp;apos;
System info: host: &amp;apos;IQZNGLDT015&amp;apos;, ip: &amp;apos;192.168.0.114&amp;apos;, os.name: &amp;apos;Windows 10&amp;apos;, os.arch: &amp;apos;amd64&amp;apos;, os.version: &amp;apos;10.0&amp;apos;, java.version: &amp;apos;14.0.2&amp;apos;
Driver info: org.openqa.selenium.edge.EdgeDriver
Capabilities {acceptInsecureCerts: false, browserName: msedge, browserVersion: 96.0.1054.29, javascriptEnabled: true, ms:edgeOptions: {debuggerAddress: localhost:58327}, msedge: {msedgedriverVersion: 95.0.1020.44 (745fe8ef5b67d..., userDataDir: C:\Users\RAJEEV~1.IQZ\AppDa...}, networkConnectionEnabled: false, pageLoadStrategy: normal, platform: WINDOWS, platformName: WINDOWS, proxy: Proxy(), setWindowRect: true, strictFileInteractability: false, timeouts: {implicit: 0, pageLoad: 300000, script: 30000}, unhandledPromptBehavior: dismiss and notify, webauthn:extension:credBlob: true, webauthn:extension:largeBlob: true, webauthn:virtualAuthenticators: true}
Session ID: 188551785ad6b40edb0cf5c75323e465
*** Element info: {Using=xpath, value=//input[@id=&amp;apos;txtUserID&amp;apos;]}">
      <![CDATA[org.openqa.selenium.NoSuchWindowException: no such window: target window already closed
from unknown error: web view not found
  (Session info: MicrosoftEdge=96.0.1054.29)
Build info: version: '3.141.59', revision: 'e82be7d358', time: '2018-11-14T08:25:53'
System info: host: 'IQZNGLDT015', ip: '192.168.0.114', os.name: 'Windows 10', os.arch: 'amd64', os.version: '10.0', java.version: '14.0.2'
Driver info: org.openqa.selenium.edge.EdgeDriver
Capabilities {acceptInsecureCerts: false, browserName: msedge, browserVersion: 96.0.1054.29, javascriptEnabled: true, ms:edgeOptions: {debuggerAddress: localhost:58327}, msedge: {msedgedriverVersion: 95.0.1020.44 (745fe8ef5b67d..., userDataDir: C:\Users\RAJEEV~1.IQZ\AppDa...}, networkConnectionEnabled: false, pageLoadStrategy: normal, platform: WINDOWS, platformName: WINDOWS, proxy: Proxy(), setWindowRect: true, strictFileInteractability: false, timeouts: {implicit: 0, pageLoad: 300000, script: 30000}, unhandledPromptBehavior: dismiss and notify, webauthn:extension:credBlob: true, webauthn:extension:largeBlob: true, webauthn:virtualAuthenticators: true}
Session ID: 188551785ad6b40edb0cf5c75323e465
*** Element info: {Using=xpath, value=//input[@id='txtUserID']}
at org.openqa.selenium.remote.http.W3CHttpResponseCodec.createException(W3CHttpResponseCodec.java:187)
at org.openqa.selenium.remote.http.W3CHttpResponseCodec.decode(W3CHttpResponseCodec.java:122)
at org.openqa.selenium.remote.http.W3CHttpResponseCodec.decode(W3CHttpResponseCodec.java:49)
at org.openqa.selenium.remote.HttpCommandExecutor.execute(HttpCommandExecutor.java:158)
at org.openqa.selenium.remote.service.DriverCommandExecutor.execute(DriverCommandExecutor.java:83)
at org.openqa.selenium.remote.RemoteWebDriver.execute(RemoteWebDriver.java:552)
at org.openqa.selenium.remote.RemoteWebDriver.findElement(RemoteWebDriver.java:323)
at org.openqa.selenium.remote.RemoteWebDriver.findElementByXPath(RemoteWebDriver.java:428)
at org.openqa.selenium.By$ByXPath.findElement(By.java:353)
at org.openqa.selenium.remote.RemoteWebDriver.findElement(RemoteWebDriver.java:315)
at Demo.Pegaloginpage.enter_user(Pegaloginpage.java:43)
at java.base/java.util.ArrayList.forEach(ArrayList.java:1511)
at java.base/java.util.concurrent.FutureTask.run(FutureTask.java:264)
at java.base/java.util.concurrent.ThreadPoolExecutor.runWorker(ThreadPoolExecutor.java:1130)
at java.base/java.util.concurrent.ThreadPoolExecutor$Worker.run(ThreadPoolExecutor.java:630)
at java.base/java.lang.Thread.run(Thread.java:832)
... Removed 23 stack frames]]>
    </failure>
  </testcase> <!-- enter_user -->
  <testcase classname="Demo.Pegaloginpage" name="enter_pswd" time="0.0">
    <skipped/>
  </testcase> <!-- enter_pswd -->
  <testcase classname="Demo.Pegaloginpage" name="clicklogin" time="0.0">
    <skipped/>
  </testcase> <!-- clicklogin -->
  <testcase classname="Demo.Pegaloginpage" name="get_title" time="0.0">
    <skipped/>
  </testcase> <!-- get_title -->
</testsuite> <!-- TestingOnEdge1 -->
