<?xml version="1.0" encoding="UTF-8"?>
<!-- Generated by org.testng.reporters.JUnitXMLReporter -->
<testsuite ignored="0" hostname="IQZNGLDT015" failures="0" tests="8" name="TestingOnChrome1" time="171.489" errors="0" timestamp="2021-11-26T01:16:35 IST">
  <testcase classname="Demo.Pegaloginpage" name="launch_app" time="24.437"/>
  <testcase classname="Demo.Pegaloginpage" name="twitter" time="26.736"/>
  <testcase classname="Demo.Pegaloginpage" name="facebook" time="29.868"/>
  <testcase classname="Demo.Pegaloginpage" name="github" time="15.852"/>
  <testcase classname="Demo.Pegaloginpage" name="paperplane" time="15.441"/>
  <testcase classname="Demo.Pegaloginpage" name="FaMedium" time="15.501"/>
  <testcase classname="Demo.Pegaloginpage" name="Linkedin" time="17.605"/>
  <testcase classname="Demo.Pegaloginpage" name="Youtube" time="19.864"/>
</testsuite> <!-- TestingOnChrome1 -->
