<?xml version="1.0" encoding="UTF-8"?>
<!-- Generated by org.testng.reporters.JUnitXMLReporter -->
<testsuite ignored="0" hostname="IQZNGLDT015" failures="0" tests="5" name="TestingOnChrome2" time="73.516" errors="0" timestamp="2021-11-24T18:20:40 IST">
  <testcase classname="Demo.Pegaloginpage_invalid" name="launch_app" time="7.748"/>
  <testcase classname="Demo.Pegaloginpage_invalid" name="enter_user" time="3.746"/>
  <testcase classname="Demo.Pegaloginpage_invalid" name="enter_pswd" time="3.145"/>
  <testcase classname="Demo.Pegaloginpage_invalid" name="clicklogin" time="4.778"/>
  <testcase classname="Demo.Pegaloginpage_invalid" name="get_title" time="3.881"/>
</testsuite> <!-- TestingOnChrome2 -->
