<?xml version="1.0" encoding="UTF-8"?>
<testng-results ignored="0" total="8" passed="8" failed="0" skipped="0">
  <reporter-output>
  </reporter-output>
  <suite started-at="2021-11-26T01:13:43 IST" name="My_Run_Suite" finished-at="2021-11-26T01:16:34 IST" duration-ms="171489">
    <groups>
    </groups>
    <test started-at="2021-11-26T01:13:43 IST" name="TestingOnChrome1" finished-at="2021-11-26T01:16:34 IST" duration-ms="171489">
      <class name="Demo.Pegaloginpage">
        <test-method is-config="true" signature="setup()[pri:0, instance:Demo.Pegaloginpage@6973b51b]" started-at="2021-11-26T01:13:43 IST" name="setup" finished-at="2021-11-26T01:13:47 IST" duration-ms="3992" status="PASS">
          <reporter-output>
          </reporter-output>
        </test-method> <!-- setup -->
        <test-method signature="launch_app()[pri:0, instance:Demo.Pegaloginpage@6973b51b]" started-at="2021-11-26T01:13:47 IST" name="launch_app" finished-at="2021-11-26T01:14:11 IST" duration-ms="24437" status="PASS">
          <reporter-output>
          </reporter-output>
        </test-method> <!-- launch_app -->
        <test-method signature="twitter()[pri:0, instance:Demo.Pegaloginpage@6973b51b]" started-at="2021-11-26T01:14:11 IST" name="twitter" finished-at="2021-11-26T01:14:38 IST" depends-on-methods="Demo.Pegaloginpage.launch_app" duration-ms="26736" status="PASS">
          <reporter-output>
          </reporter-output>
        </test-method> <!-- twitter -->
        <test-method signature="facebook()[pri:0, instance:Demo.Pegaloginpage@6973b51b]" started-at="2021-11-26T01:14:38 IST" name="facebook" finished-at="2021-11-26T01:15:08 IST" depends-on-methods="Demo.Pegaloginpage.twitter" duration-ms="29868" status="PASS">
          <reporter-output>
          </reporter-output>
        </test-method> <!-- facebook -->
        <test-method signature="github()[pri:0, instance:Demo.Pegaloginpage@6973b51b]" started-at="2021-11-26T01:15:08 IST" name="github" finished-at="2021-11-26T01:15:24 IST" depends-on-methods="Demo.Pegaloginpage.facebook" duration-ms="15852" status="PASS">
          <reporter-output>
          </reporter-output>
        </test-method> <!-- github -->
        <test-method signature="paperplane()[pri:0, instance:Demo.Pegaloginpage@6973b51b]" started-at="2021-11-26T01:15:24 IST" name="paperplane" finished-at="2021-11-26T01:15:39 IST" depends-on-methods="Demo.Pegaloginpage.github" duration-ms="15441" status="PASS">
          <reporter-output>
          </reporter-output>
        </test-method> <!-- paperplane -->
        <test-method signature="FaMedium()[pri:0, instance:Demo.Pegaloginpage@6973b51b]" started-at="2021-11-26T01:15:39 IST" name="FaMedium" finished-at="2021-11-26T01:15:55 IST" depends-on-methods="Demo.Pegaloginpage.paperplane" duration-ms="15501" status="PASS">
          <reporter-output>
          </reporter-output>
        </test-method> <!-- FaMedium -->
        <test-method signature="Linkedin()[pri:0, instance:Demo.Pegaloginpage@6973b51b]" started-at="2021-11-26T01:15:55 IST" name="Linkedin" finished-at="2021-11-26T01:16:12 IST" depends-on-methods="Demo.Pegaloginpage.FaMedium" duration-ms="17605" status="PASS">
          <reporter-output>
          </reporter-output>
        </test-method> <!-- Linkedin -->
        <test-method signature="Youtube()[pri:0, instance:Demo.Pegaloginpage@6973b51b]" started-at="2021-11-26T01:16:12 IST" name="Youtube" finished-at="2021-11-26T01:16:32 IST" depends-on-methods="Demo.Pegaloginpage.Linkedin" duration-ms="19864" status="PASS">
          <reporter-output>
          </reporter-output>
        </test-method> <!-- Youtube -->
        <test-method is-config="true" signature="finish()[pri:0, instance:Demo.Pegaloginpage@6973b51b]" started-at="2021-11-26T01:16:32 IST" name="finish" finished-at="2021-11-26T01:16:34 IST" duration-ms="2127" status="PASS">
          <reporter-output>
          </reporter-output>
        </test-method> <!-- finish -->
      </class> <!-- Demo.Pegaloginpage -->
    </test> <!-- TestingOnChrome1 -->
  </suite> <!-- My_Run_Suite -->
</testng-results>
