<?xml version="1.0" encoding="UTF-8"?>
<!-- Generated by org.testng.reporters.JUnitXMLReporter -->
<testsuite ignored="0" hostname="IQZNGLDT015" failures="0" tests="4" name="Default test" time="104.195" errors="0" timestamp="2021-11-26T01:05:58 IST">
  <testcase classname="Demo.Pegaloginpage" name="launch_app" time="23.39"/>
  <testcase classname="Demo.Pegaloginpage" name="twitter" time="25.766"/>
  <testcase classname="Demo.Pegaloginpage" name="facebook" time="27.376"/>
  <testcase classname="Demo.Pegaloginpage" name="github" time="15.394"/>
</testsuite> <!-- Default test -->
