<?xml version="1.0" encoding="UTF-8"?>
<!-- Generated by org.testng.reporters.JUnitXMLReporter -->
<testsuite ignored="0" hostname="IQZNGLDT015" failures="0" tests="5" name="TestingOnEdge" time="124.707" errors="0" timestamp="2021-11-22T17:46:31 IST">
  <testcase classname="Demo.Pegaloginpage" name="launch_app" time="12.337"/>
  <testcase classname="Demo.Pegaloginpage" name="enter_user" time="5.323"/>
  <testcase classname="Demo.Pegaloginpage" name="enter_pswd" time="7.588"/>
  <testcase classname="Demo.Pegaloginpage" name="clicklogin" time="88.298"/>
  <testcase classname="Demo.Pegaloginpage" name="get_title" time="5.026"/>
</testsuite> <!-- TestingOnEdge -->
