<?xml version="1.0" encoding="UTF-8"?>
<!-- Generated by org.testng.reporters.JUnitXMLReporter -->
<testsuite ignored="0" hostname="IQZNGLDT015" failures="0" tests="5" name="Default test" time="33.031" errors="0" timestamp="2021-11-25T23:31:37 IST">
  <testcase classname="Demo.Pegaloginpage" name="launch_app" time="4.121"/>
  <testcase classname="Demo.Pegaloginpage" name="enter_user" time="0.531"/>
  <testcase classname="Demo.Pegaloginpage" name="enter_pswd" time="0.076"/>
  <testcase classname="Demo.Pegaloginpage" name="clicklogin" time="14.948"/>
  <testcase classname="Demo.Pegaloginpage" name="get_title" time="3.049"/>
</testsuite> <!-- Default test -->
