<?xml version="1.0" encoding="UTF-8"?>
<testng-results ignored="0" total="10" passed="10" failed="0" skipped="0">
  <reporter-output>
  </reporter-output>
  <suite started-at="2021-11-24T18:19:26 IST" name="My_Run_Suite" finished-at="2021-11-24T18:20:40 IST" duration-ms="73516">
    <groups>
    </groups>
    <test started-at="2021-11-24T18:19:26 IST" name="TestingOnChrome2" finished-at="2021-11-24T18:20:40 IST" duration-ms="73516">
      <class name="Demo.Pegaloginpage_invalid">
        <test-method is-config="true" signature="setup()[pri:0, instance:Demo.Pegaloginpage_invalid@2a798d51]" started-at="2021-11-24T18:19:26 IST" name="setup" finished-at="2021-11-24T18:19:39 IST" duration-ms="13325" status="PASS">
          <reporter-output>
          </reporter-output>
        </test-method> <!-- setup -->
        <test-method signature="launch_app()[pri:0, instance:Demo.Pegaloginpage_invalid@2a798d51]" started-at="2021-11-24T18:19:39 IST" name="launch_app" finished-at="2021-11-24T18:19:47 IST" duration-ms="7748" status="PASS">
          <reporter-output>
          </reporter-output>
        </test-method> <!-- launch_app -->
        <test-method signature="enter_user()[pri:0, instance:Demo.Pegaloginpage_invalid@2a798d51]" started-at="2021-11-24T18:19:47 IST" name="enter_user" finished-at="2021-11-24T18:19:51 IST" depends-on-methods="Demo.Pegaloginpage_invalid.launch_app" duration-ms="3746" status="PASS">
          <reporter-output>
          </reporter-output>
        </test-method> <!-- enter_user -->
        <test-method signature="enter_pswd()[pri:0, instance:Demo.Pegaloginpage_invalid@2a798d51]" started-at="2021-11-24T18:19:51 IST" name="enter_pswd" finished-at="2021-11-24T18:19:54 IST" depends-on-methods="Demo.Pegaloginpage_invalid.enter_user" duration-ms="3145" status="PASS">
          <reporter-output>
          </reporter-output>
        </test-method> <!-- enter_pswd -->
        <test-method signature="clicklogin()[pri:0, instance:Demo.Pegaloginpage_invalid@2a798d51]" started-at="2021-11-24T18:19:54 IST" name="clicklogin" finished-at="2021-11-24T18:19:59 IST" depends-on-methods="Demo.Pegaloginpage_invalid.enter_pswd" duration-ms="4778" status="PASS">
          <reporter-output>
          </reporter-output>
        </test-method> <!-- clicklogin -->
        <test-method signature="get_title()[pri:0, instance:Demo.Pegaloginpage_invalid@2a798d51]" started-at="2021-11-24T18:19:59 IST" name="get_title" finished-at="2021-11-24T18:20:03 IST" depends-on-methods="Demo.Pegaloginpage_invalid.clicklogin" duration-ms="3881" status="PASS">
          <reporter-output>
          </reporter-output>
        </test-method> <!-- get_title -->
        <test-method is-config="true" signature="finish()[pri:0, instance:Demo.Pegaloginpage_invalid@2a798d51]" started-at="2021-11-24T18:20:03 IST" name="finish" finished-at="2021-11-24T18:20:40 IST" duration-ms="36811" status="PASS">
          <reporter-output>
          </reporter-output>
        </test-method> <!-- finish -->
      </class> <!-- Demo.Pegaloginpage_invalid -->
    </test> <!-- TestingOnChrome2 -->
    <test started-at="2021-11-24T18:19:26 IST" name="TestingOnChrome1" finished-at="2021-11-24T18:20:39 IST" duration-ms="73363">
      <class name="Demo.Pegaloginpage">
        <test-method is-config="true" signature="setup()[pri:0, instance:Demo.Pegaloginpage@56620197]" started-at="2021-11-24T18:19:26 IST" name="setup" finished-at="2021-11-24T18:19:39 IST" duration-ms="13325" status="PASS">
          <reporter-output>
          </reporter-output>
        </test-method> <!-- setup -->
        <test-method signature="launch_app()[pri:0, instance:Demo.Pegaloginpage@56620197]" started-at="2021-11-24T18:19:39 IST" name="launch_app" finished-at="2021-11-24T18:19:47 IST" duration-ms="7480" status="PASS">
          <reporter-output>
          </reporter-output>
        </test-method> <!-- launch_app -->
        <test-method signature="enter_user()[pri:0, instance:Demo.Pegaloginpage@56620197]" started-at="2021-11-24T18:19:47 IST" name="enter_user" finished-at="2021-11-24T18:19:50 IST" depends-on-methods="Demo.Pegaloginpage.launch_app" duration-ms="3288" status="PASS">
          <reporter-output>
          </reporter-output>
        </test-method> <!-- enter_user -->
        <test-method signature="enter_pswd()[pri:0, instance:Demo.Pegaloginpage@56620197]" started-at="2021-11-24T18:19:50 IST" name="enter_pswd" finished-at="2021-11-24T18:19:53 IST" depends-on-methods="Demo.Pegaloginpage.enter_user" duration-ms="3207" status="PASS">
          <reporter-output>
          </reporter-output>
        </test-method> <!-- enter_pswd -->
        <test-method signature="clicklogin()[pri:0, instance:Demo.Pegaloginpage@56620197]" started-at="2021-11-24T18:19:53 IST" name="clicklogin" finished-at="2021-11-24T18:20:12 IST" depends-on-methods="Demo.Pegaloginpage.enter_pswd" duration-ms="18461" status="PASS">
          <reporter-output>
          </reporter-output>
        </test-method> <!-- clicklogin -->
        <test-method signature="get_title()[pri:0, instance:Demo.Pegaloginpage@56620197]" started-at="2021-11-24T18:20:12 IST" name="get_title" finished-at="2021-11-24T18:20:17 IST" depends-on-methods="Demo.Pegaloginpage.clicklogin" duration-ms="5057" status="PASS">
          <reporter-output>
          </reporter-output>
        </test-method> <!-- get_title -->
        <test-method is-config="true" signature="finish()[pri:0, instance:Demo.Pegaloginpage@56620197]" started-at="2021-11-24T18:20:17 IST" name="finish" finished-at="2021-11-24T18:20:39 IST" duration-ms="22463" status="PASS">
          <reporter-output>
          </reporter-output>
        </test-method> <!-- finish -->
      </class> <!-- Demo.Pegaloginpage -->
    </test> <!-- TestingOnChrome1 -->
  </suite> <!-- My_Run_Suite -->
</testng-results>
